Determining if the pthread_create exist failed with the following output:
Change Dir: /home/robot/catkin_ws/src/store_images/src/CMakeFiles/CMakeTmp

Run Build Command:"/usr/bin/make" "cmTC_a3a5e/fast"
/usr/bin/make -f CMakeFiles/cmTC_a3a5e.dir/build.make CMakeFiles/cmTC_a3a5e.dir/build
make[1]: Entering directory '/home/robot/catkin_ws/src/store_images/src/CMakeFiles/CMakeTmp'
Building C object CMakeFiles/cmTC_a3a5e.dir/CheckSymbolExists.c.o
/usr/bin/cc     -o CMakeFiles/cmTC_a3a5e.dir/CheckSymbolExists.c.o   -c /home/robot/catkin_ws/src/store_images/src/CMakeFiles/CMakeTmp/CheckSymbolExists.c
Linking C executable cmTC_a3a5e
/usr/local/bin/cmake -E cmake_link_script CMakeFiles/cmTC_a3a5e.dir/link.txt --verbose=1
/usr/bin/cc       CMakeFiles/cmTC_a3a5e.dir/CheckSymbolExists.c.o  -o cmTC_a3a5e -rdynamic 
CMakeFiles/cmTC_a3a5e.dir/CheckSymbolExists.c.o: In function `main':
CheckSymbolExists.c:(.text+0x16): undefined reference to `pthread_create'
collect2: error: ld returned 1 exit status
CMakeFiles/cmTC_a3a5e.dir/build.make:97: recipe for target 'cmTC_a3a5e' failed
make[1]: *** [cmTC_a3a5e] Error 1
make[1]: Leaving directory '/home/robot/catkin_ws/src/store_images/src/CMakeFiles/CMakeTmp'
Makefile:126: recipe for target 'cmTC_a3a5e/fast' failed
make: *** [cmTC_a3a5e/fast] Error 2

File /home/robot/catkin_ws/src/store_images/src/CMakeFiles/CMakeTmp/CheckSymbolExists.c:
/* */
#include <pthread.h>

int main(int argc, char** argv)
{
  (void)argv;
#ifndef pthread_create
  return ((int*)(&pthread_create))[argc];
#else
  (void)argc;
  return 0;
#endif
}

Determining if the function pthread_create exists in the pthreads failed with the following output:
Change Dir: /home/robot/catkin_ws/src/store_images/src/CMakeFiles/CMakeTmp

Run Build Command:"/usr/bin/make" "cmTC_84362/fast"
/usr/bin/make -f CMakeFiles/cmTC_84362.dir/build.make CMakeFiles/cmTC_84362.dir/build
make[1]: Entering directory '/home/robot/catkin_ws/src/store_images/src/CMakeFiles/CMakeTmp'
Building C object CMakeFiles/cmTC_84362.dir/CheckFunctionExists.c.o
/usr/bin/cc    -DCHECK_FUNCTION_EXISTS=pthread_create   -o CMakeFiles/cmTC_84362.dir/CheckFunctionExists.c.o   -c /usr/local/share/cmake-3.6/Modules/CheckFunctionExists.c
Linking C executable cmTC_84362
/usr/local/bin/cmake -E cmake_link_script CMakeFiles/cmTC_84362.dir/link.txt --verbose=1
/usr/bin/cc   -DCHECK_FUNCTION_EXISTS=pthread_create    CMakeFiles/cmTC_84362.dir/CheckFunctionExists.c.o  -o cmTC_84362 -rdynamic -lpthreads 
/usr/bin/ld: cannot find -lpthreads
collect2: error: ld returned 1 exit status
CMakeFiles/cmTC_84362.dir/build.make:97: recipe for target 'cmTC_84362' failed
make[1]: *** [cmTC_84362] Error 1
make[1]: Leaving directory '/home/robot/catkin_ws/src/store_images/src/CMakeFiles/CMakeTmp'
Makefile:126: recipe for target 'cmTC_84362/fast' failed
make: *** [cmTC_84362/fast] Error 2


